21-05-23 20:50:39 raddit_crl_entrypoint.py[line:67] write postid nia8gw commentid gz4m6ru
21-05-23 20:50:40 raddit_crl_entrypoint.py[line:67] write postid nia8gw commentid gz2a992
21-05-23 20:50:40 raddit_crl_entrypoint.py[line:67] write postid nia8gw commentid gz2pdgf
21-05-23 20:50:40 raddit_crl_entrypoint.py[line:67] write postid nia8gw commentid gz11qsy
21-05-23 20:50:40 raddit_crl_entrypoint.py[line:67] write postid nia8gw commentid gz10prh
21-05-23 20:50:41 raddit_crl_entrypoint.py[line:67] write postid nia8gw commentid gz0u8va
21-05-23 20:50:41 raddit_crl_entrypoint.py[line:67] write postid nia8gw commentid gz2nzrc
21-05-23 20:50:41 raddit_crl_entrypoint.py[line:67] write postid nia8gw commentid gz18c52
21-05-23 20:50:42 raddit_crl_entrypoint.py[line:67] write postid nia8gw commentid gz1uatc
21-05-23 20:50:42 raddit_crl_entrypoint.py[line:67] write postid nia8gw commentid gz2bpar
21-05-23 20:50:42 raddit_crl_entrypoint.py[line:67] write postid nia8gw commentid gz2hjpk
21-05-23 20:50:42 raddit_crl_entrypoint.py[line:67] write postid nia8gw commentid gz2z1h5
21-05-23 20:50:43 raddit_crl_entrypoint.py[line:67] write postid nia8gw commentid gz3482n
21-05-23 20:50:43 raddit_crl_entrypoint.py[line:67] write postid nia8gw commentid gz1vscc
21-05-23 20:50:43 raddit_crl_entrypoint.py[line:67] write postid nia8gw commentid gz31qlo
21-05-23 20:50:44 raddit_crl_entrypoint.py[line:67] write postid nia8gw commentid gz0uvgz
21-05-23 20:50:44 raddit_crl_entrypoint.py[line:67] write postid nia8gw commentid gz15oi7
21-05-23 20:50:44 raddit_crl_entrypoint.py[line:67] write postid nia8gw commentid gz3nywd
21-05-23 20:50:45 raddit_crl_entrypoint.py[line:67] write postid nia8gw commentid gz2ya39
21-05-23 20:50:45 raddit_crl_entrypoint.py[line:67] write postid nia8gw commentid gz3tp97
21-05-23 20:50:45 raddit_crl_entrypoint.py[line:67] write postid nia8gw commentid gz0taex
21-05-23 20:50:46 raddit_crl_entrypoint.py[line:67] write postid nia8gw commentid gz1gnj9
21-05-23 20:50:46 raddit_crl_entrypoint.py[line:67] write postid nia8gw commentid gz1kx2u
21-05-23 20:50:46 raddit_crl_entrypoint.py[line:67] write postid nia8gw commentid gz2cqk6
21-05-23 20:50:46 raddit_crl_entrypoint.py[line:67] write postid nia8gw commentid gz3rgwe
21-05-23 20:50:53 raddit_crl_entrypoint.py[line:67] write postid niziwh commentid gz5d2nx
21-05-23 20:50:53 raddit_crl_entrypoint.py[line:67] write postid niziwh commentid gz57dwz
21-05-23 20:50:53 raddit_crl_entrypoint.py[line:67] write postid niziwh commentid gz54fgb
21-05-23 20:50:54 raddit_crl_entrypoint.py[line:67] write postid niziwh commentid gz54lal
21-05-23 20:50:54 raddit_crl_entrypoint.py[line:67] write postid niziwh commentid gz52lij
21-05-23 20:50:54 raddit_crl_entrypoint.py[line:67] write postid niziwh commentid gz5a2nt
21-05-23 20:50:55 raddit_crl_entrypoint.py[line:67] write postid niziwh commentid gz4qzom
21-05-23 20:50:55 raddit_crl_entrypoint.py[line:67] write postid niziwh commentid gz4q5lz
21-05-23 20:50:55 raddit_crl_entrypoint.py[line:67] write postid niziwh commentid gz544ei
21-05-23 20:50:55 raddit_crl_entrypoint.py[line:67] write postid niziwh commentid gz55y68
21-05-23 20:50:56 raddit_crl_entrypoint.py[line:67] write postid niziwh commentid gz4xheo
21-05-23 20:50:56 raddit_crl_entrypoint.py[line:67] write postid niziwh commentid gz4n783
21-05-23 20:50:56 raddit_crl_entrypoint.py[line:67] write postid niziwh commentid gz55i9x
21-05-23 20:50:57 raddit_crl_entrypoint.py[line:67] write postid niziwh commentid gz58g51
21-05-23 20:50:57 raddit_crl_entrypoint.py[line:67] write postid niziwh commentid gz5ibwq
21-05-23 20:50:57 raddit_crl_entrypoint.py[line:67] write postid niziwh commentid gz576q1
21-05-23 20:50:58 raddit_crl_entrypoint.py[line:67] write postid niziwh commentid gz58q8z
21-05-23 20:50:58 raddit_crl_entrypoint.py[line:67] write postid niziwh commentid gz4xyuw
21-05-23 20:50:58 raddit_crl_entrypoint.py[line:67] write postid niziwh commentid gz57uh3
21-05-23 20:50:59 raddit_crl_entrypoint.py[line:67] write postid niziwh commentid gz58opv
21-05-23 20:50:59 raddit_crl_entrypoint.py[line:67] write postid niziwh commentid gz597dk
21-05-23 20:50:59 raddit_crl_entrypoint.py[line:67] write postid niziwh commentid gz59p61
21-05-23 20:50:59 raddit_crl_entrypoint.py[line:67] write postid niziwh commentid gz59zy3
21-05-23 20:51:00 raddit_crl_entrypoint.py[line:67] write postid niziwh commentid gz51wlo
21-05-23 20:51:00 raddit_crl_entrypoint.py[line:67] write postid niziwh commentid gz564f0
21-05-23 21:47:58 raddit_crl_entrypoint.py[line:49] 2841 post_ids in all
